<?xml version="1.0" encoding="UTF-8"?>
<testng-results skipped="0" failed="2" ignored="2" total="42" passed="38">
  <reporter-output>
  </reporter-output>
  <suite name="Test Suite" duration-ms="21261" started-at="2021-05-04T22:52:43 CST" finished-at="2021-05-04T22:53:04 CST">
    <groups>
    </groups>
    <test name="Test case" duration-ms="21261" started-at="2021-05-04T22:52:43 CST" finished-at="2021-05-04T22:53:04 CST">
      <class name="teststeps.LoginTest">
        <test-method status="PASS" signature="GlobalSetup()[pri:0, instance:teststeps.LoginTest@72445aba]" name="GlobalSetup" is-config="true" duration-ms="1109" started-at="2021-05-04T22:52:43 CST" finished-at="2021-05-04T22:52:44 CST">
          <reporter-output>
          </reporter-output>
        </test-method> <!-- GlobalSetup -->
        <test-method status="PASS" signature="setup()[pri:0, instance:teststeps.LoginTest@72445aba]" name="setup" is-config="true" duration-ms="6514" started-at="2021-05-04T22:52:44 CST" depends-on-methods="common.BaseTest.GlobalSetup" finished-at="2021-05-04T22:52:51 CST">
          <reporter-output>
          </reporter-output>
        </test-method> <!-- setup -->
        <test-method status="PASS" signature="testLogin(pojo.ExcelPojo)[pri:0, instance:teststeps.LoginTest@72445aba]" name="testLogin" duration-ms="453" started-at="2021-05-04T22:52:51 CST" data-provider="getLoginData" finished-at="2021-05-04T22:52:51 CST">
          <params>
            <param index="0">
              <value>
                <![CDATA[ExcelPojo{caseId=2, interfaceName='login', title='正常登录', requestHeader='{"X-Lemonban-Media-Type":"lemonban.v2","Content-Type":"application/json"}', method='POST', url='/member/login', inputParams='{
  "mobile_phone": "13383026575",
  "pwd": "lemon666"
}', expected='{
    "code": 0,
    "msg": "OK",
 "data.leave_amount":0.0
}', extractResult='{
  "member_id": "data.id",
  "token": "data.token_info.token"
}', dbAssert='null'}]]>
              </value>
            </param>
          </params>
          <reporter-output>
          </reporter-output>
        </test-method> <!-- testLogin -->
        <test-method status="PASS" signature="testLogin(pojo.ExcelPojo)[pri:0, instance:teststeps.LoginTest@72445aba]" name="testLogin" duration-ms="172" started-at="2021-05-04T22:52:51 CST" data-provider="getLoginData" finished-at="2021-05-04T22:52:52 CST">
          <params>
            <param index="0">
              <value>
                <![CDATA[ExcelPojo{caseId=3, interfaceName='login', title='手机号为空', requestHeader='{"X-Lemonban-Media-Type":"lemonban.v2","Content-Type":"application/json"}', method='POST', url='/member/login', inputParams='{
  "mobile_phone": "",
  "pwd": "lemon666"
}', expected='{
  "code": 1,
  "msg": "手机号码为空"
}', extractResult='null', dbAssert='null'}]]>
              </value>
            </param>
          </params>
          <reporter-output>
          </reporter-output>
        </test-method> <!-- testLogin -->
        <test-method status="PASS" signature="testLogin(pojo.ExcelPojo)[pri:0, instance:teststeps.LoginTest@72445aba]" name="testLogin" duration-ms="156" started-at="2021-05-04T22:52:52 CST" data-provider="getLoginData" finished-at="2021-05-04T22:52:52 CST">
          <params>
            <param index="0">
              <value>
                <![CDATA[ExcelPojo{caseId=4, interfaceName='login', title='手机号为10位', requestHeader='{"X-Lemonban-Media-Type":"lemonban.v2","Content-Type":"application/json"}', method='POST', url='/member/login', inputParams='{
  "mobile_phone": "1581554176",
  "pwd": "lemon666",
  "type":"1",
  "reg_name":"mengmeng"
}', expected='{
  "code": 2,
  "msg": "无效的手机格式"
}', extractResult='null', dbAssert='null'}]]>
              </value>
            </param>
          </params>
          <reporter-output>
          </reporter-output>
        </test-method> <!-- testLogin -->
        <test-method status="PASS" signature="testLogin(pojo.ExcelPojo)[pri:0, instance:teststeps.LoginTest@72445aba]" name="testLogin" duration-ms="172" started-at="2021-05-04T22:52:52 CST" data-provider="getLoginData" finished-at="2021-05-04T22:52:52 CST">
          <params>
            <param index="0">
              <value>
                <![CDATA[ExcelPojo{caseId=5, interfaceName='login', title='手机号为12位', requestHeader='{"X-Lemonban-Media-Type":"lemonban.v2","Content-Type":"application/json"}', method='POST', url='/member/login', inputParams='{
  "mobile_phone": "158155417643",
  "pwd": "lemon666"
}', expected='{
  "code": 2,
  "msg": "无效的手机格式"
}', extractResult='null', dbAssert='null'}]]>
              </value>
            </param>
          </params>
          <reporter-output>
          </reporter-output>
        </test-method> <!-- testLogin -->
        <test-method status="PASS" signature="testLogin(pojo.ExcelPojo)[pri:0, instance:teststeps.LoginTest@72445aba]" name="testLogin" duration-ms="187" started-at="2021-05-04T22:52:52 CST" data-provider="getLoginData" finished-at="2021-05-04T22:52:52 CST">
          <params>
            <param index="0">
              <value>
                <![CDATA[ExcelPojo{caseId=6, interfaceName='login', title='手机号包含非数字', requestHeader='{"X-Lemonban-Media-Type":"lemonban.v2","Content-Type":"application/json"}', method='POST', url='/member/login', inputParams='{
  "mobile_phone": "1581554176a",
  "pwd": "lemon666"
}', expected='{
  "code": 2,
  "msg": "无效的手机格式"
}', extractResult='null', dbAssert='null'}]]>
              </value>
            </param>
          </params>
          <reporter-output>
          </reporter-output>
        </test-method> <!-- testLogin -->
        <test-method status="PASS" signature="testLogin(pojo.ExcelPojo)[pri:0, instance:teststeps.LoginTest@72445aba]" name="testLogin" duration-ms="172" started-at="2021-05-04T22:52:52 CST" data-provider="getLoginData" finished-at="2021-05-04T22:52:52 CST">
          <params>
            <param index="0">
              <value>
                <![CDATA[ExcelPojo{caseId=7, interfaceName='login', title='不存在的号段', requestHeader='{"X-Lemonban-Media-Type":"lemonban.v2","Content-Type":"application/json"}', method='POST', url='/member/login', inputParams='{
  "mobile_phone": "11015541764",
  "pwd": "lemon666"
}', expected='{
  "code": 2,
  "msg": "无效的手机格式"
}', extractResult='null', dbAssert='null'}]]>
              </value>
            </param>
          </params>
          <reporter-output>
          </reporter-output>
        </test-method> <!-- testLogin -->
        <test-method status="PASS" signature="testLogin(pojo.ExcelPojo)[pri:0, instance:teststeps.LoginTest@72445aba]" name="testLogin" duration-ms="391" started-at="2021-05-04T22:52:52 CST" data-provider="getLoginData" finished-at="2021-05-04T22:52:53 CST">
          <params>
            <param index="0">
              <value>
                <![CDATA[ExcelPojo{caseId=8, interfaceName='login', title='输入未注册的手机号', requestHeader='{"X-Lemonban-Media-Type":"lemonban.v2","Content-Type":"application/json"}', method='POST', url='/member/login', inputParams='{
  "mobile_phone": "13323231200",
  "pwd": "lemon666"
}', expected='{
  "code": 1001,
  "msg": "账号信息错误"
}', extractResult='null', dbAssert='null'}]]>
              </value>
            </param>
          </params>
          <reporter-output>
          </reporter-output>
        </test-method> <!-- testLogin -->
        <test-method status="PASS" signature="testLogin(pojo.ExcelPojo)[pri:0, instance:teststeps.LoginTest@72445aba]" name="testLogin" duration-ms="187" started-at="2021-05-04T22:52:53 CST" data-provider="getLoginData" finished-at="2021-05-04T22:52:53 CST">
          <params>
            <param index="0">
              <value>
                <![CDATA[ExcelPojo{caseId=9, interfaceName='login', title='密码为空', requestHeader='{"X-Lemonban-Media-Type":"lemonban.v2","Content-Type":"application/json"}', method='POST', url='/member/login', inputParams='{
  "mobile_phone": "15815541764",
  "pwd": ""
}', expected='{
  "code": 1,
  "msg": "密码为空"
}', extractResult='null', dbAssert='null'}]]>
              </value>
            </param>
          </params>
          <reporter-output>
          </reporter-output>
        </test-method> <!-- testLogin -->
        <test-method status="PASS" signature="testLogin(pojo.ExcelPojo)[pri:0, instance:teststeps.LoginTest@72445aba]" name="testLogin" duration-ms="141" started-at="2021-05-04T22:52:53 CST" data-provider="getLoginData" finished-at="2021-05-04T22:52:53 CST">
          <params>
            <param index="0">
              <value>
                <![CDATA[ExcelPojo{caseId=10, interfaceName='login', title='密码为7位', requestHeader='{"X-Lemonban-Media-Type":"lemonban.v2","Content-Type":"application/json"}', method='POST', url='/member/login', inputParams='{
  "mobile_phone": "1515815541764",
  "pwd": "lemon666"
}', expected='{
  "code": 2,
  "msg": "无效的手机格式"
}', extractResult='null', dbAssert='null'}]]>
              </value>
            </param>
          </params>
          <reporter-output>
          </reporter-output>
        </test-method> <!-- testLogin -->
        <test-method status="PASS" signature="testLogin(pojo.ExcelPojo)[pri:0, instance:teststeps.LoginTest@72445aba]" name="testLogin" duration-ms="390" started-at="2021-05-04T22:52:53 CST" data-provider="getLoginData" finished-at="2021-05-04T22:52:53 CST">
          <params>
            <param index="0">
              <value>
                <![CDATA[ExcelPojo{caseId=11, interfaceName='login', title='密码为17位', requestHeader='{"X-Lemonban-Media-Type":"lemonban.v2","Content-Type":"application/json"}', method='POST', url='/member/login', inputParams='{
  "mobile_phone": "15815541764",
  "pwd": "lemon123456789012"
}', expected='{
  "code": 1001,
  "msg": "账号信息错误"
}', extractResult='null', dbAssert='null'}]]>
              </value>
            </param>
          </params>
          <reporter-output>
          </reporter-output>
        </test-method> <!-- testLogin -->
        <test-method status="PASS" signature="testLogin(pojo.ExcelPojo)[pri:0, instance:teststeps.LoginTest@72445aba]" name="testLogin" duration-ms="359" started-at="2021-05-04T22:52:53 CST" data-provider="getLoginData" finished-at="2021-05-04T22:52:54 CST">
          <params>
            <param index="0">
              <value>
                <![CDATA[ExcelPojo{caseId=12, interfaceName='login', title='密码错误-不区分大小写', requestHeader='{"X-Lemonban-Media-Type":"lemonban.v2","Content-Type":"application/json"}', method='POST', url='/member/login', inputParams='{
  "mobile_phone": "15815541764",
  "pwd": "LEMON666"
}', expected='{
  "code": 1001,
  "msg": "账号信息错误"
}', extractResult='null', dbAssert='null'}]]>
              </value>
            </param>
          </params>
          <reporter-output>
          </reporter-output>
        </test-method> <!-- testLogin -->
        <test-method status="PASS" signature="testLogin(pojo.ExcelPojo)[pri:0, instance:teststeps.LoginTest@72445aba]" name="testLogin" duration-ms="407" started-at="2021-05-04T22:52:54 CST" data-provider="getLoginData" finished-at="2021-05-04T22:52:54 CST">
          <params>
            <param index="0">
              <value>
                <![CDATA[ExcelPojo{caseId=13, interfaceName='login', title='密码错误-过长', requestHeader='{"X-Lemonban-Media-Type":"lemonban.v2","Content-Type":"application/json"}', method='POST', url='/member/login', inputParams='{
  "mobile_phone": "15815541763",
  "pwd": "lemon66666"
}', expected='{
  "code": 1001,
  "msg": "账号信息错误"
}', extractResult='null', dbAssert='null'}]]>
              </value>
            </param>
          </params>
          <reporter-output>
          </reporter-output>
        </test-method> <!-- testLogin -->
        <test-method status="PASS" signature="testLogin(pojo.ExcelPojo)[pri:0, instance:teststeps.LoginTest@72445aba]" name="testLogin" duration-ms="406" started-at="2021-05-04T22:52:54 CST" data-provider="getLoginData" finished-at="2021-05-04T22:52:55 CST">
          <params>
            <param index="0">
              <value>
                <![CDATA[ExcelPojo{caseId=14, interfaceName='login', title='密码错误-过短', requestHeader='{"X-Lemonban-Media-Type":"lemonban.v2","Content-Type":"application/json"}', method='POST', url='/member/login', inputParams='{
  "mobile_phone": "15815541763",
  "pwd": "lemon6"
}', expected='{
  "code": 1001,
  "msg": "账号信息错误"
}', extractResult='null', dbAssert='null'}]]>
              </value>
            </param>
          </params>
          <reporter-output>
          </reporter-output>
        </test-method> <!-- testLogin -->
      </class> <!-- teststeps.LoginTest -->
      <class name="teststeps.RechargeTest">
        <test-method status="PASS" signature="setup()[pri:0, instance:teststeps.RechargeTest@458342d3]" name="setup" is-config="true" duration-ms="1375" started-at="2021-05-04T22:53:03 CST" finished-at="2021-05-04T22:53:04 CST">
          <reporter-output>
          </reporter-output>
        </test-method> <!-- setup -->
        <test-method status="PASS" signature="testRecharge(pojo.ExcelPojo)[pri:0, instance:teststeps.RechargeTest@458342d3]" name="testRecharge" duration-ms="265" started-at="2021-05-04T22:53:04 CST" data-provider="getRechargeData" finished-at="2021-05-04T22:53:04 CST">
          <params>
            <param index="0">
              <value>
                <![CDATA[ExcelPojo{caseId=3, interfaceName='recharge', title='正常充值-50W', requestHeader='{"X-Lemonban-Media-Type":"lemonban.v3","Content-Type":"application/json","Authorization":"Bearer eyJhbGciOiJIUzUxMiJ9.eyJtZW1iZXJfaWQiOjEwMDA0OTE1ODUsImV4cCI6MTYyMDE0MDI4NH0.ct08O55VgNJZe9dkhulaVYFez9QmbQuRsv1XbhiyMkmWrkO2w4pX7XDadelffOQSoRXqcUiylr0fHl8ZEJ5OSA"}', method='POST', url='/member/recharge', inputParams='{
  "member_id": 1000491585,
  "amount": 500000.0,
  "timestamp":1620139984,
  "sign":"sE/AOuF6JbJKtWcmrG9sZGRA67z/LpZsnsLOfGYFIx+ekz0vKsoVL9jMoLyuOMt1hGTMnkQR/cQU
KSnZjLihSpvaI+I9rcy/dz/D3phYxjEvdCpyAJg80pqaM8q8pqRxOTbwbsGLT/HjgcKO9FkzRhek
V7Fl1AhXsH6chT3EI/w=
"
}', expected='{
    "code": 0,
    "msg": "OK",
"data.leave_amount":500000.0
}', extractResult='null', dbAssert='null'}]]>
              </value>
            </param>
          </params>
          <reporter-output>
          </reporter-output>
        </test-method> <!-- testRecharge -->
        <test-method status="PASS" signature="testRecharge(pojo.ExcelPojo)[pri:0, instance:teststeps.RechargeTest@458342d3]" name="testRecharge" duration-ms="156" started-at="2021-05-04T22:53:04 CST" data-provider="getRechargeData" finished-at="2021-05-04T22:53:04 CST">
          <params>
            <param index="0">
              <value>
                <![CDATA[ExcelPojo{caseId=4, interfaceName='recharge', title='正常充值-0.01', requestHeader='{"X-Lemonban-Media-Type":"lemonban.v3","Content-Type":"application/json","Authorization":"Bearer eyJhbGciOiJIUzUxMiJ9.eyJtZW1iZXJfaWQiOjEwMDA0OTE1ODUsImV4cCI6MTYyMDE0MDI4NH0.ct08O55VgNJZe9dkhulaVYFez9QmbQuRsv1XbhiyMkmWrkO2w4pX7XDadelffOQSoRXqcUiylr0fHl8ZEJ5OSA"}', method='POST', url='/member/recharge', inputParams='{
  "member_id": 1000491585,
  "amount": 0.01,
  "timestamp":1620139984,
  "sign":"thSylhWh0FFspKfPMrektrRdOwZMGcyGogEIZOZ1yNOFrs7uScvdiZ+wOKwN9In622UHF0m8u+vX
zTwcZH8OAfxrjdzFzoDGagRYD/pW6nHJFO2+D3QGtyu2ts6uWzLssGxai2L6lh6olwht7jtO31ET
XO5wHFbJIw1udJQZVHQ=
"
}', expected='{
    "code": 0,
    "msg": "OK",
"data.leave_amount":500000.01
}', extractResult='null', dbAssert='null'}]]>
              </value>
            </param>
          </params>
          <reporter-output>
          </reporter-output>
        </test-method> <!-- testRecharge -->
      </class> <!-- teststeps.RechargeTest -->
      <class name="teststeps.NewLoanTest">
        <test-method status="PASS" signature="setup()[pri:0, instance:teststeps.NewLoanTest@1c80e49b]" name="setup" is-config="true" duration-ms="2921" started-at="2021-05-04T22:52:55 CST" finished-at="2021-05-04T22:52:58 CST">
          <reporter-output>
          </reporter-output>
        </test-method> <!-- setup -->
        <test-method status="PASS" signature="testNewLoan(pojo.ExcelPojo)[pri:0, instance:teststeps.NewLoanTest@1c80e49b]" name="testNewLoan" duration-ms="374" started-at="2021-05-04T22:52:58 CST" data-provider="getNewLoanData" finished-at="2021-05-04T22:52:58 CST">
          <params>
            <param index="0">
              <value>
                <![CDATA[ExcelPojo{caseId=5, interfaceName='addLoan', title='正常加标-借款1000、年化率1%、借款周期1个月、竞标天数1天', requestHeader='{"X-Lemonban-Media-Type":"lemonban.v2","Content-Type":"application/json","Authorization":"Bearer eyJhbGciOiJIUzUxMiJ9.eyJtZW1iZXJfaWQiOjEwMDA0OTE1ODQsImV4cCI6MTYyMDE0MDI3OH0.SB960Brnio2jJgeUEBLT41WPLa0f-avIoTq4d31Hfy720gSaoHq5_jiCa4n5YTjOoF5US6uoCPkJ1ms9DLaZXg"}', method='POST', url='/loan/add', inputParams='{
    "member_id":1000491584,
    "title":"购买测试课程_1",
    "amount":1000.00,
    "loan_rate":1.0,
    "loan_term":1,
    "loan_date_type":1,
    "bidding_days":5
}', expected='{
    "code": 0,
    "msg": "OK",
    "data.amount": 1000.0,
    "data.bidding_days": 5,
    "data.loan_term": 1,
    "data.title": "购买测试课程_1",
    "data.loan_rate": 1.0,
    "data.loan_date_type": 1,
    "data.status": 1
}', extractResult='null', dbAssert='null'}]]>
              </value>
            </param>
          </params>
          <reporter-output>
          </reporter-output>
        </test-method> <!-- testNewLoan -->
        <test-method status="PASS" signature="testNewLoan(pojo.ExcelPojo)[pri:0, instance:teststeps.NewLoanTest@1c80e49b]" name="testNewLoan" duration-ms="329" started-at="2021-05-04T22:52:58 CST" data-provider="getNewLoanData" finished-at="2021-05-04T22:52:58 CST">
          <params>
            <param index="0">
              <value>
                <![CDATA[ExcelPojo{caseId=6, interfaceName='addLoan', title='正常加标-借款1100、年化率24、借款周期36个月、竞标天数10天', requestHeader='{"X-Lemonban-Media-Type":"lemonban.v2","Content-Type":"application/json","Authorization":"Bearer eyJhbGciOiJIUzUxMiJ9.eyJtZW1iZXJfaWQiOjEwMDA0OTE1ODQsImV4cCI6MTYyMDE0MDI3OH0.SB960Brnio2jJgeUEBLT41WPLa0f-avIoTq4d31Hfy720gSaoHq5_jiCa4n5YTjOoF5US6uoCPkJ1ms9DLaZXg"}', method='POST', url='/loan/add', inputParams='{
    "member_id":1000491584,
    "title":"购买测试课程_2",
    "amount":1100.00,
    "loan_rate":24.0,
    "loan_term":36,
    "loan_date_type":1,
    "bidding_days":5
}', expected='{
    "code": 0,
    "msg": "OK",
    "data.amount": 1100.0,
    "data.bidding_days": 5,
    "data.loan_term": 36,
    "data.title": "购买测试课程_2",
    "data.loan_rate": 24.0,
    "data.loan_date_type": 1,
    "data.status": 1
}', extractResult='null', dbAssert='null'}]]>
              </value>
            </param>
          </params>
          <reporter-output>
          </reporter-output>
        </test-method> <!-- testNewLoan -->
        <test-method status="FAIL" signature="testNewLoan(pojo.ExcelPojo)[pri:0, instance:teststeps.NewLoanTest@1c80e49b]" name="testNewLoan" duration-ms="265" started-at="2021-05-04T22:52:58 CST" data-provider="getNewLoanData" finished-at="2021-05-04T22:52:59 CST">
          <params>
            <param index="0">
              <value>
                <![CDATA[ExcelPojo{caseId=7, interfaceName='addLoan', title='正常加标-借款500000、年化率2、借款周期10天、竞标天数2天', requestHeader='{"X-Lemonban-Media-Type":"lemonban.v2","Content-Type":"application/json","Authorization":"Bearer eyJhbGciOiJIUzUxMiJ9.eyJtZW1iZXJfaWQiOjEwMDA0OTE1ODQsImV4cCI6MTYyMDE0MDI3OH0.SB960Brnio2jJgeUEBLT41WPLa0f-avIoTq4d31Hfy720gSaoHq5_jiCa4n5YTjOoF5US6uoCPkJ1ms9DLaZXg"}', method='POST', url='/loan/add', inputParams='{
    "member_id":1000491584,
    "title":"购买测试课程_3",
    "amount":500000.00,
    "loan_rate":2.0,
    "loan_term":10,
    "loan_date_type":2,
    "bidding_days":2
}', expected='{
    "code": 0,
    "msg": "OK",
    "data.amount": 500000.0,
    "data.bidding_days": 2,
    "data.loan_term": 10,
    "data.title": "购买测试课程_3",
    "data.loan_rate": 2.0,
    "data.loan_date_type": 2,
    "data.status": 1
}', extractResult='null', dbAssert='null'}]]>
              </value>
            </param>
          </params>
          <exception class="java.lang.AssertionError">
            <message>
              <![CDATA[expected [2] but found [5]]]>
            </message>
            <full-stacktrace>
              <![CDATA[java.lang.AssertionError: expected [2] but found [5]
at org.testng.Assert.fail(Assert.java:97)
at org.testng.Assert.assertEqualsImpl(Assert.java:136)
at org.testng.Assert.assertEquals(Assert.java:118)
at org.testng.Assert.assertEquals(Assert.java:563)
at common.BaseTest.assertResponse(BaseTest.java:103)
at teststeps.NewLoanTest.testNewLoan(NewLoanTest.java:58)
at sun.reflect.NativeMethodAccessorImpl.invoke0(Native Method)
at sun.reflect.NativeMethodAccessorImpl.invoke(NativeMethodAccessorImpl.java:62)
at sun.reflect.DelegatingMethodAccessorImpl.invoke(DelegatingMethodAccessorImpl.java:43)
at java.lang.reflect.Method.invoke(Method.java:498)
at org.testng.internal.MethodInvocationHelper.invokeMethod(MethodInvocationHelper.java:133)
at org.testng.internal.TestInvoker.invokeMethod(TestInvoker.java:584)
at org.testng.internal.TestInvoker.invokeTestMethod(TestInvoker.java:172)
at org.testng.internal.MethodRunner.runInSequence(MethodRunner.java:46)
at org.testng.internal.TestInvoker$MethodInvocationAgent.invoke(TestInvoker.java:804)
at org.testng.internal.TestInvoker.invokeTestMethods(TestInvoker.java:145)
at org.testng.internal.TestMethodWorker.invokeTestMethods(TestMethodWorker.java:146)
at org.testng.internal.TestMethodWorker.run(TestMethodWorker.java:128)
at java.util.ArrayList.forEach(ArrayList.java:1257)
at org.testng.TestRunner.privateRun(TestRunner.java:770)
at org.testng.TestRunner.run(TestRunner.java:591)
at org.testng.SuiteRunner.runTest(SuiteRunner.java:402)
at org.testng.SuiteRunner.runSequentially(SuiteRunner.java:396)
at org.testng.SuiteRunner.privateRun(SuiteRunner.java:355)
at org.testng.SuiteRunner.run(SuiteRunner.java:304)
at org.testng.SuiteRunnerWorker.runSuite(SuiteRunnerWorker.java:53)
at org.testng.SuiteRunnerWorker.run(SuiteRunnerWorker.java:96)
at org.testng.TestNG.runSuitesSequentially(TestNG.java:1180)
at org.testng.TestNG.runSuitesLocally(TestNG.java:1102)
at org.testng.TestNG.runSuites(TestNG.java:1032)
at org.testng.TestNG.run(TestNG.java:1000)
at org.apache.maven.surefire.testng.TestNGExecutor.run(TestNGExecutor.java:283)
at org.apache.maven.surefire.testng.TestNGXmlTestSuite.execute(TestNGXmlTestSuite.java:75)
at org.apache.maven.surefire.testng.TestNGProvider.invoke(TestNGProvider.java:120)
at org.apache.maven.surefire.booter.ForkedBooter.invokeProviderInSameClassLoader(ForkedBooter.java:384)
at org.apache.maven.surefire.booter.ForkedBooter.runSuitesInProcess(ForkedBooter.java:345)
at org.apache.maven.surefire.booter.ForkedBooter.execute(ForkedBooter.java:126)
at org.apache.maven.surefire.booter.ForkedBooter.main(ForkedBooter.java:418)
]]>
            </full-stacktrace>
          </exception> <!-- java.lang.AssertionError -->
          <reporter-output>
          </reporter-output>
        </test-method> <!-- testNewLoan -->
        <test-method status="FAIL" signature="testNewLoan(pojo.ExcelPojo)[pri:0, instance:teststeps.NewLoanTest@1c80e49b]" name="testNewLoan" duration-ms="390" started-at="2021-05-04T22:52:59 CST" data-provider="getNewLoanData" finished-at="2021-05-04T22:52:59 CST">
          <params>
            <param index="0">
              <value>
                <![CDATA[ExcelPojo{caseId=8, interfaceName='addLoan', title='正常加标-借款100000、年化率23、借款周期45天、竞标天数5天', requestHeader='{"X-Lemonban-Media-Type":"lemonban.v2","Content-Type":"application/json","Authorization":"Bearer eyJhbGciOiJIUzUxMiJ9.eyJtZW1iZXJfaWQiOjEwMDA0OTE1ODQsImV4cCI6MTYyMDE0MDI3OH0.SB960Brnio2jJgeUEBLT41WPLa0f-avIoTq4d31Hfy720gSaoHq5_jiCa4n5YTjOoF5US6uoCPkJ1ms9DLaZXg"}', method='POST', url='/loan/add', inputParams='{
    "member_id":1000491584,
    "title":"购买测试课程_4",
    "amount":100000.00,
    "loan_rate":23.0,
    "loan_term":45,
    "loan_date_type":2,
    "bidding_days":6
}', expected='{
    "code": 0,
    "msg": "OK",
    "data.amount": 100000.0,
    "data.bidding_days": 6,
    "data.loan_term": 45,
    "data.title": "购买测试课程_4",
    "data.loan_rate": 23.0,
    "data.loan_date_type": 2,
    "data.status": 1
}', extractResult='null', dbAssert='null'}]]>
              </value>
            </param>
          </params>
          <exception class="java.lang.AssertionError">
            <message>
              <![CDATA[expected [6] but found [5]]]>
            </message>
            <full-stacktrace>
              <![CDATA[java.lang.AssertionError: expected [6] but found [5]
at org.testng.Assert.fail(Assert.java:97)
at org.testng.Assert.assertEqualsImpl(Assert.java:136)
at org.testng.Assert.assertEquals(Assert.java:118)
at org.testng.Assert.assertEquals(Assert.java:563)
at common.BaseTest.assertResponse(BaseTest.java:103)
at teststeps.NewLoanTest.testNewLoan(NewLoanTest.java:58)
at sun.reflect.NativeMethodAccessorImpl.invoke0(Native Method)
at sun.reflect.NativeMethodAccessorImpl.invoke(NativeMethodAccessorImpl.java:62)
at sun.reflect.DelegatingMethodAccessorImpl.invoke(DelegatingMethodAccessorImpl.java:43)
at java.lang.reflect.Method.invoke(Method.java:498)
at org.testng.internal.MethodInvocationHelper.invokeMethod(MethodInvocationHelper.java:133)
at org.testng.internal.TestInvoker.invokeMethod(TestInvoker.java:584)
at org.testng.internal.TestInvoker.invokeTestMethod(TestInvoker.java:172)
at org.testng.internal.MethodRunner.runInSequence(MethodRunner.java:46)
at org.testng.internal.TestInvoker$MethodInvocationAgent.invoke(TestInvoker.java:804)
at org.testng.internal.TestInvoker.invokeTestMethods(TestInvoker.java:145)
at org.testng.internal.TestMethodWorker.invokeTestMethods(TestMethodWorker.java:146)
at org.testng.internal.TestMethodWorker.run(TestMethodWorker.java:128)
at java.util.ArrayList.forEach(ArrayList.java:1257)
at org.testng.TestRunner.privateRun(TestRunner.java:770)
at org.testng.TestRunner.run(TestRunner.java:591)
at org.testng.SuiteRunner.runTest(SuiteRunner.java:402)
at org.testng.SuiteRunner.runSequentially(SuiteRunner.java:396)
at org.testng.SuiteRunner.privateRun(SuiteRunner.java:355)
at org.testng.SuiteRunner.run(SuiteRunner.java:304)
at org.testng.SuiteRunnerWorker.runSuite(SuiteRunnerWorker.java:53)
at org.testng.SuiteRunnerWorker.run(SuiteRunnerWorker.java:96)
at org.testng.TestNG.runSuitesSequentially(TestNG.java:1180)
at org.testng.TestNG.runSuitesLocally(TestNG.java:1102)
at org.testng.TestNG.runSuites(TestNG.java:1032)
at org.testng.TestNG.run(TestNG.java:1000)
at org.apache.maven.surefire.testng.TestNGExecutor.run(TestNGExecutor.java:283)
at org.apache.maven.surefire.testng.TestNGXmlTestSuite.execute(TestNGXmlTestSuite.java:75)
at org.apache.maven.surefire.testng.TestNGProvider.invoke(TestNGProvider.java:120)
at org.apache.maven.surefire.booter.ForkedBooter.invokeProviderInSameClassLoader(ForkedBooter.java:384)
at org.apache.maven.surefire.booter.ForkedBooter.runSuitesInProcess(ForkedBooter.java:345)
at org.apache.maven.surefire.booter.ForkedBooter.execute(ForkedBooter.java:126)
at org.apache.maven.surefire.booter.ForkedBooter.main(ForkedBooter.java:418)
]]>
            </full-stacktrace>
          </exception> <!-- java.lang.AssertionError -->
          <reporter-output>
          </reporter-output>
        </test-method> <!-- testNewLoan -->
        <test-method status="PASS" signature="testNewLoan(pojo.ExcelPojo)[pri:0, instance:teststeps.NewLoanTest@1c80e49b]" name="testNewLoan" duration-ms="171" started-at="2021-05-04T22:52:59 CST" data-provider="getNewLoanData" finished-at="2021-05-04T22:52:59 CST">
          <params>
            <param index="0">
              <value>
                <![CDATA[ExcelPojo{caseId=9, interfaceName='addLoan', title='借款人id为空', requestHeader='{"X-Lemonban-Media-Type":"lemonban.v2","Content-Type":"application/json","Authorization":"Bearer eyJhbGciOiJIUzUxMiJ9.eyJtZW1iZXJfaWQiOjEwMDA0OTE1ODQsImV4cCI6MTYyMDE0MDI3OH0.SB960Brnio2jJgeUEBLT41WPLa0f-avIoTq4d31Hfy720gSaoHq5_jiCa4n5YTjOoF5US6uoCPkJ1ms9DLaZXg"}', method='POST', url='/loan/add', inputParams='{
    "title":"购买测试课程_5",
    "amount":500000.00,
    "loan_rate":23.0,
    "loan_term":45,
    "loan_date_type":2,
    "bidding_days":9
}', expected='{
  "code": 1,
  "msg": "用户id为空"
}', extractResult='null', dbAssert='null'}]]>
              </value>
            </param>
          </params>
          <reporter-output>
          </reporter-output>
        </test-method> <!-- testNewLoan -->
        <test-method status="PASS" signature="testNewLoan(pojo.ExcelPojo)[pri:0, instance:teststeps.NewLoanTest@1c80e49b]" name="testNewLoan" duration-ms="219" started-at="2021-05-04T22:52:59 CST" data-provider="getNewLoanData" finished-at="2021-05-04T22:52:59 CST">
          <params>
            <param index="0">
              <value>
                <![CDATA[ExcelPojo{caseId=10, interfaceName='addLoan', title='借款人id不存在', requestHeader='{"X-Lemonban-Media-Type":"lemonban.v2","Content-Type":"application/json","Authorization":"Bearer eyJhbGciOiJIUzUxMiJ9.eyJtZW1iZXJfaWQiOjEwMDA0OTE1ODQsImV4cCI6MTYyMDE0MDI3OH0.SB960Brnio2jJgeUEBLT41WPLa0f-avIoTq4d31Hfy720gSaoHq5_jiCa4n5YTjOoF5US6uoCPkJ1ms9DLaZXg"}', method='POST', url='/loan/add', inputParams='{
    "member_id":1000000000,
    "title":"购买测试课程_6",
    "amount":500000.00,
    "loan_rate":23.0,
    "loan_term":45,
    "loan_date_type":2,
    "bidding_days":9
}', expected='{
  "code": 2,
  "msg": "会员不存在"
}', extractResult='null', dbAssert='null'}]]>
              </value>
            </param>
          </params>
          <reporter-output>
          </reporter-output>
        </test-method> <!-- testNewLoan -->
        <test-method status="PASS" signature="testNewLoan(pojo.ExcelPojo)[pri:0, instance:teststeps.NewLoanTest@1c80e49b]" name="testNewLoan" duration-ms="156" started-at="2021-05-04T22:52:59 CST" data-provider="getNewLoanData" finished-at="2021-05-04T22:53:00 CST">
          <params>
            <param index="0">
              <value>
                <![CDATA[ExcelPojo{caseId=11, interfaceName='addLoan', title='标题为空', requestHeader='{"X-Lemonban-Media-Type":"lemonban.v2","Content-Type":"application/json","Authorization":"Bearer eyJhbGciOiJIUzUxMiJ9.eyJtZW1iZXJfaWQiOjEwMDA0OTE1ODQsImV4cCI6MTYyMDE0MDI3OH0.SB960Brnio2jJgeUEBLT41WPLa0f-avIoTq4d31Hfy720gSaoHq5_jiCa4n5YTjOoF5US6uoCPkJ1ms9DLaZXg"}', method='POST', url='/loan/add', inputParams='{
    "member_id":1000491584,
    "title":"",
    "amount":500000.00,
    "loan_rate":23.0,
    "loan_term":45,
    "loan_date_type":2,
    "bidding_days":9
}', expected='{
  "code": 1,
  "msg": "标题为空"
}', extractResult='null', dbAssert='null'}]]>
              </value>
            </param>
          </params>
          <reporter-output>
          </reporter-output>
        </test-method> <!-- testNewLoan -->
        <test-method status="PASS" signature="testNewLoan(pojo.ExcelPojo)[pri:0, instance:teststeps.NewLoanTest@1c80e49b]" name="testNewLoan" duration-ms="187" started-at="2021-05-04T22:53:00 CST" data-provider="getNewLoanData" finished-at="2021-05-04T22:53:00 CST">
          <params>
            <param index="0">
              <value>
                <![CDATA[ExcelPojo{caseId=12, interfaceName='addLoan', title='借款金额为空', requestHeader='{"X-Lemonban-Media-Type":"lemonban.v2","Content-Type":"application/json","Authorization":"Bearer eyJhbGciOiJIUzUxMiJ9.eyJtZW1iZXJfaWQiOjEwMDA0OTE1ODQsImV4cCI6MTYyMDE0MDI3OH0.SB960Brnio2jJgeUEBLT41WPLa0f-avIoTq4d31Hfy720gSaoHq5_jiCa4n5YTjOoF5US6uoCPkJ1ms9DLaZXg"}', method='POST', url='/loan/add', inputParams='{
    "member_id":1000491584,
    "title":"购买全栈测试课程_5",
    "loan_rate":23.0,
    "loan_term":45,
    "loan_date_type":2,
    "bidding_days":9
}', expected='{
  "code": 1,
  "msg": "借款金额为空"
}', extractResult='null', dbAssert='null'}]]>
              </value>
            </param>
          </params>
          <reporter-output>
          </reporter-output>
        </test-method> <!-- testNewLoan -->
        <test-method status="PASS" signature="testNewLoan(pojo.ExcelPojo)[pri:0, instance:teststeps.NewLoanTest@1c80e49b]" name="testNewLoan" duration-ms="141" started-at="2021-05-04T22:53:00 CST" data-provider="getNewLoanData" finished-at="2021-05-04T22:53:00 CST">
          <params>
            <param index="0">
              <value>
                <![CDATA[ExcelPojo{caseId=13, interfaceName='addLoan', title='借款金额为负数', requestHeader='{"X-Lemonban-Media-Type":"lemonban.v2","Content-Type":"application/json","Authorization":"Bearer eyJhbGciOiJIUzUxMiJ9.eyJtZW1iZXJfaWQiOjEwMDA0OTE1ODQsImV4cCI6MTYyMDE0MDI3OH0.SB960Brnio2jJgeUEBLT41WPLa0f-avIoTq4d31Hfy720gSaoHq5_jiCa4n5YTjOoF5US6uoCPkJ1ms9DLaZXg"}', method='POST', url='/loan/add', inputParams='{
    "member_id":1000491584,
    "title":"购买全栈测试课程_5",
    "amount":-1000,
    "loan_rate":23.0,
    "loan_term":45,
    "loan_date_type":2,
    "bidding_days":9
}', expected='{
  "code": 2,
  "msg": "借款金额范围错误"
}', extractResult='null', dbAssert='null'}]]>
              </value>
            </param>
          </params>
          <reporter-output>
          </reporter-output>
        </test-method> <!-- testNewLoan -->
        <test-method status="PASS" signature="testNewLoan(pojo.ExcelPojo)[pri:0, instance:teststeps.NewLoanTest@1c80e49b]" name="testNewLoan" duration-ms="140" started-at="2021-05-04T22:53:00 CST" data-provider="getNewLoanData" finished-at="2021-05-04T22:53:00 CST">
          <params>
            <param index="0">
              <value>
                <![CDATA[ExcelPojo{caseId=14, interfaceName='addLoan', title='借款金额为0', requestHeader='{"X-Lemonban-Media-Type":"lemonban.v2","Content-Type":"application/json","Authorization":"Bearer eyJhbGciOiJIUzUxMiJ9.eyJtZW1iZXJfaWQiOjEwMDA0OTE1ODQsImV4cCI6MTYyMDE0MDI3OH0.SB960Brnio2jJgeUEBLT41WPLa0f-avIoTq4d31Hfy720gSaoHq5_jiCa4n5YTjOoF5US6uoCPkJ1ms9DLaZXg"}', method='POST', url='/loan/add', inputParams='{
    "member_id":1000491584,
    "title":"购买全栈测试课程_5",
    "amount":0.00,
    "loan_rate":23.0,
    "loan_term":45,
    "loan_date_type":2,
    "bidding_days":9
}', expected='{
  "code": 2,
  "msg": "借款金额范围错误"
}', extractResult='null', dbAssert='null'}]]>
              </value>
            </param>
          </params>
          <reporter-output>
          </reporter-output>
        </test-method> <!-- testNewLoan -->
        <test-method status="PASS" signature="testNewLoan(pojo.ExcelPojo)[pri:0, instance:teststeps.NewLoanTest@1c80e49b]" name="testNewLoan" duration-ms="188" started-at="2021-05-04T22:53:00 CST" data-provider="getNewLoanData" finished-at="2021-05-04T22:53:00 CST">
          <params>
            <param index="0">
              <value>
                <![CDATA[ExcelPojo{caseId=15, interfaceName='addLoan', title='借款金额为小数', requestHeader='{"X-Lemonban-Media-Type":"lemonban.v2","Content-Type":"application/json","Authorization":"Bearer eyJhbGciOiJIUzUxMiJ9.eyJtZW1iZXJfaWQiOjEwMDA0OTE1ODQsImV4cCI6MTYyMDE0MDI3OH0.SB960Brnio2jJgeUEBLT41WPLa0f-avIoTq4d31Hfy720gSaoHq5_jiCa4n5YTjOoF5US6uoCPkJ1ms9DLaZXg"}', method='POST', url='/loan/add', inputParams='{
    "member_id":1000491584,
    "title":"购买全栈测试课程_5",
    "amount":1000.6,
    "loan_rate":23.0,
    "loan_term":45,
    "loan_date_type":2,
    "bidding_days":9
}', expected='{
  "code": 2,
  "msg": "借款金额范围错误"
}', extractResult='null', dbAssert='null'}]]>
              </value>
            </param>
          </params>
          <reporter-output>
          </reporter-output>
        </test-method> <!-- testNewLoan -->
        <test-method status="PASS" signature="testNewLoan(pojo.ExcelPojo)[pri:0, instance:teststeps.NewLoanTest@1c80e49b]" name="testNewLoan" duration-ms="172" started-at="2021-05-04T22:53:00 CST" data-provider="getNewLoanData" finished-at="2021-05-04T22:53:00 CST">
          <params>
            <param index="0">
              <value>
                <![CDATA[ExcelPojo{caseId=16, interfaceName='addLoan', title='借款金额为非100整除的整数', requestHeader='{"X-Lemonban-Media-Type":"lemonban.v2","Content-Type":"application/json","Authorization":"Bearer eyJhbGciOiJIUzUxMiJ9.eyJtZW1iZXJfaWQiOjEwMDA0OTE1ODQsImV4cCI6MTYyMDE0MDI3OH0.SB960Brnio2jJgeUEBLT41WPLa0f-avIoTq4d31Hfy720gSaoHq5_jiCa4n5YTjOoF5US6uoCPkJ1ms9DLaZXg"}', method='POST', url='/loan/add', inputParams='{
    "member_id":1000491584,
    "title":"购买全栈测试课程_5",
    "amount":1001.00,
    "loan_rate":23,
    "loan_term":45,
    "loan_date_type":2,
    "bidding_days":9
}', expected='{
  "code": 2,
  "msg": "借款金额范围错误"
}', extractResult='null', dbAssert='null'}]]>
              </value>
            </param>
          </params>
          <reporter-output>
          </reporter-output>
        </test-method> <!-- testNewLoan -->
        <test-method status="PASS" signature="testNewLoan(pojo.ExcelPojo)[pri:0, instance:teststeps.NewLoanTest@1c80e49b]" name="testNewLoan" duration-ms="124" started-at="2021-05-04T22:53:00 CST" data-provider="getNewLoanData" finished-at="2021-05-04T22:53:01 CST">
          <params>
            <param index="0">
              <value>
                <![CDATA[ExcelPojo{caseId=17, interfaceName='addLoan', title='年利率为空', requestHeader='{"X-Lemonban-Media-Type":"lemonban.v2","Content-Type":"application/json","Authorization":"Bearer eyJhbGciOiJIUzUxMiJ9.eyJtZW1iZXJfaWQiOjEwMDA0OTE1ODQsImV4cCI6MTYyMDE0MDI3OH0.SB960Brnio2jJgeUEBLT41WPLa0f-avIoTq4d31Hfy720gSaoHq5_jiCa4n5YTjOoF5US6uoCPkJ1ms9DLaZXg"}', method='POST', url='/loan/add', inputParams='{
    "member_id":1000491584,
    "title":"购买全栈测试课程_5",
    "amount":1000.00,
    "loan_term":45,
    "loan_date_type":2,
    "bidding_days":9
}', expected='{
  "code": 1,
  "msg": "利率为空"
}', extractResult='null', dbAssert='null'}]]>
              </value>
            </param>
          </params>
          <reporter-output>
          </reporter-output>
        </test-method> <!-- testNewLoan -->
        <test-method status="PASS" signature="testNewLoan(pojo.ExcelPojo)[pri:0, instance:teststeps.NewLoanTest@1c80e49b]" name="testNewLoan" duration-ms="141" started-at="2021-05-04T22:53:01 CST" data-provider="getNewLoanData" finished-at="2021-05-04T22:53:01 CST">
          <params>
            <param index="0">
              <value>
                <![CDATA[ExcelPojo{caseId=18, interfaceName='addLoan', title='年利率为0', requestHeader='{"X-Lemonban-Media-Type":"lemonban.v2","Content-Type":"application/json","Authorization":"Bearer eyJhbGciOiJIUzUxMiJ9.eyJtZW1iZXJfaWQiOjEwMDA0OTE1ODQsImV4cCI6MTYyMDE0MDI3OH0.SB960Brnio2jJgeUEBLT41WPLa0f-avIoTq4d31Hfy720gSaoHq5_jiCa4n5YTjOoF5US6uoCPkJ1ms9DLaZXg"}', method='POST', url='/loan/add', inputParams='{
    "member_id":1000491584,
    "title":"购买全栈测试课程_5",
    "amount":1000.00,
    "loan_rate":0.0,
    "loan_term":45,
    "loan_date_type":2,
    "bidding_days":9
}', expected='{
  "code": 2,
  "msg": "借款利率范围错误"
}', extractResult='null', dbAssert='null'}]]>
              </value>
            </param>
          </params>
          <reporter-output>
          </reporter-output>
        </test-method> <!-- testNewLoan -->
        <test-method status="PASS" signature="testNewLoan(pojo.ExcelPojo)[pri:0, instance:teststeps.NewLoanTest@1c80e49b]" name="testNewLoan" duration-ms="141" started-at="2021-05-04T22:53:01 CST" data-provider="getNewLoanData" finished-at="2021-05-04T22:53:01 CST">
          <params>
            <param index="0">
              <value>
                <![CDATA[ExcelPojo{caseId=19, interfaceName='addLoan', title='年利率大于24', requestHeader='{"X-Lemonban-Media-Type":"lemonban.v2","Content-Type":"application/json","Authorization":"Bearer eyJhbGciOiJIUzUxMiJ9.eyJtZW1iZXJfaWQiOjEwMDA0OTE1ODQsImV4cCI6MTYyMDE0MDI3OH0.SB960Brnio2jJgeUEBLT41WPLa0f-avIoTq4d31Hfy720gSaoHq5_jiCa4n5YTjOoF5US6uoCPkJ1ms9DLaZXg"}', method='POST', url='/loan/add', inputParams='{
    "member_id":1000491584,
    "title":"购买全栈测试课程_5",
    "amount":1000.00,
    "loan_rate":25.0,
    "loan_term":45,
    "loan_date_type":2,
    "bidding_days":9
}', expected='{
  "code": 2,
  "msg": "借款利率范围错误"
}', extractResult='null', dbAssert='null'}]]>
              </value>
            </param>
          </params>
          <reporter-output>
          </reporter-output>
        </test-method> <!-- testNewLoan -->
        <test-method status="PASS" signature="testNewLoan(pojo.ExcelPojo)[pri:0, instance:teststeps.NewLoanTest@1c80e49b]" name="testNewLoan" duration-ms="140" started-at="2021-05-04T22:53:01 CST" data-provider="getNewLoanData" finished-at="2021-05-04T22:53:01 CST">
          <params>
            <param index="0">
              <value>
                <![CDATA[ExcelPojo{caseId=20, interfaceName='addLoan', title='借款期限为空', requestHeader='{"X-Lemonban-Media-Type":"lemonban.v2","Content-Type":"application/json","Authorization":"Bearer eyJhbGciOiJIUzUxMiJ9.eyJtZW1iZXJfaWQiOjEwMDA0OTE1ODQsImV4cCI6MTYyMDE0MDI3OH0.SB960Brnio2jJgeUEBLT41WPLa0f-avIoTq4d31Hfy720gSaoHq5_jiCa4n5YTjOoF5US6uoCPkJ1ms9DLaZXg"}', method='POST', url='/loan/add', inputParams='{
    "member_id":1000491584,
    "title":"购买全栈测试课程_5",
    "amount":1000.00,
    "loan_rate":23.0,
    "loan_term":"",
    "loan_date_type":1,
    "bidding_days":9
}', expected='{
  "code": 1,
  "msg": "借款期限为空"
}', extractResult='null', dbAssert='null'}]]>
              </value>
            </param>
          </params>
          <reporter-output>
          </reporter-output>
        </test-method> <!-- testNewLoan -->
        <test-method status="PASS" signature="testNewLoan(pojo.ExcelPojo)[pri:0, instance:teststeps.NewLoanTest@1c80e49b]" name="testNewLoan" duration-ms="141" started-at="2021-05-04T22:53:01 CST" data-provider="getNewLoanData" finished-at="2021-05-04T22:53:01 CST">
          <params>
            <param index="0">
              <value>
                <![CDATA[ExcelPojo{caseId=21, interfaceName='addLoan', title='借款期限为0个月', requestHeader='{"X-Lemonban-Media-Type":"lemonban.v2","Content-Type":"application/json","Authorization":"Bearer eyJhbGciOiJIUzUxMiJ9.eyJtZW1iZXJfaWQiOjEwMDA0OTE1ODQsImV4cCI6MTYyMDE0MDI3OH0.SB960Brnio2jJgeUEBLT41WPLa0f-avIoTq4d31Hfy720gSaoHq5_jiCa4n5YTjOoF5US6uoCPkJ1ms9DLaZXg"}', method='POST', url='/loan/add', inputParams='{
    "member_id":1000491584,
    "title":"购买全栈测试课程_5",
    "amount":1000.00,
    "loan_rate":23.0,
    "loan_term":"0",
    "loan_date_type":1,
    "bidding_days":9
}', expected='{
  "code": 2,
  "msg": "借款期限单位为月的项目,期限范围为1到36个月(包含1个月和36个月)"
}', extractResult='null', dbAssert='null'}]]>
              </value>
            </param>
          </params>
          <reporter-output>
          </reporter-output>
        </test-method> <!-- testNewLoan -->
        <test-method status="PASS" signature="testNewLoan(pojo.ExcelPojo)[pri:0, instance:teststeps.NewLoanTest@1c80e49b]" name="testNewLoan" duration-ms="172" started-at="2021-05-04T22:53:01 CST" data-provider="getNewLoanData" finished-at="2021-05-04T22:53:01 CST">
          <params>
            <param index="0">
              <value>
                <![CDATA[ExcelPojo{caseId=22, interfaceName='addLoan', title='借款期限为37个月', requestHeader='{"X-Lemonban-Media-Type":"lemonban.v2","Content-Type":"application/json","Authorization":"Bearer eyJhbGciOiJIUzUxMiJ9.eyJtZW1iZXJfaWQiOjEwMDA0OTE1ODQsImV4cCI6MTYyMDE0MDI3OH0.SB960Brnio2jJgeUEBLT41WPLa0f-avIoTq4d31Hfy720gSaoHq5_jiCa4n5YTjOoF5US6uoCPkJ1ms9DLaZXg"}', method='POST', url='/loan/add', inputParams='{
    "member_id":1000491584,
    "title":"购买全栈测试课程_5",
    "amount":1000.00,
    "loan_rate":23.0,
    "loan_term":"37",
    "loan_date_type":1,
    "bidding_days":9
}', expected='{
  "code": 2,
  "msg": "借款期限单位为月的项目,期限范围为1到36个月(包含1个月和36个月)"
}', extractResult='null', dbAssert='null'}]]>
              </value>
            </param>
          </params>
          <reporter-output>
          </reporter-output>
        </test-method> <!-- testNewLoan -->
        <test-method status="PASS" signature="testNewLoan(pojo.ExcelPojo)[pri:0, instance:teststeps.NewLoanTest@1c80e49b]" name="testNewLoan" duration-ms="187" started-at="2021-05-04T22:53:01 CST" data-provider="getNewLoanData" finished-at="2021-05-04T22:53:02 CST">
          <params>
            <param index="0">
              <value>
                <![CDATA[ExcelPojo{caseId=23, interfaceName='addLoan', title='借款期限为9天', requestHeader='{"X-Lemonban-Media-Type":"lemonban.v2","Content-Type":"application/json","Authorization":"Bearer eyJhbGciOiJIUzUxMiJ9.eyJtZW1iZXJfaWQiOjEwMDA0OTE1ODQsImV4cCI6MTYyMDE0MDI3OH0.SB960Brnio2jJgeUEBLT41WPLa0f-avIoTq4d31Hfy720gSaoHq5_jiCa4n5YTjOoF5US6uoCPkJ1ms9DLaZXg"}', method='POST', url='/loan/add', inputParams='{
    "member_id":1000491584,
    "title":"购买全栈测试课程_5",
    "amount":1000.00,
    "loan_rate":23.0,
    "loan_term":"9",
    "loan_date_type":2,
    "bidding_days":9
}', expected='{
  "code": 2,
  "msg": "借款期限单位为天的项目,期限范围为10到45天(包含10天和45天)"
}', extractResult='null', dbAssert='null'}]]>
              </value>
            </param>
          </params>
          <reporter-output>
          </reporter-output>
        </test-method> <!-- testNewLoan -->
        <test-method status="PASS" signature="testNewLoan(pojo.ExcelPojo)[pri:0, instance:teststeps.NewLoanTest@1c80e49b]" name="testNewLoan" duration-ms="141" started-at="2021-05-04T22:53:02 CST" data-provider="getNewLoanData" finished-at="2021-05-04T22:53:02 CST">
          <params>
            <param index="0">
              <value>
                <![CDATA[ExcelPojo{caseId=24, interfaceName='addLoan', title='借款期限为46天', requestHeader='{"X-Lemonban-Media-Type":"lemonban.v2","Content-Type":"application/json","Authorization":"Bearer eyJhbGciOiJIUzUxMiJ9.eyJtZW1iZXJfaWQiOjEwMDA0OTE1ODQsImV4cCI6MTYyMDE0MDI3OH0.SB960Brnio2jJgeUEBLT41WPLa0f-avIoTq4d31Hfy720gSaoHq5_jiCa4n5YTjOoF5US6uoCPkJ1ms9DLaZXg"}', method='POST', url='/loan/add', inputParams='{
    "member_id":1000491584,
    "title":"购买全栈测试课程_5",
    "amount":1000.00,
    "loan_rate":23.0,
    "loan_term":"46",
    "loan_date_type":2,
    "bidding_days":9
}', expected='{
  "code": 2,
  "msg": "借款期限单位为天的项目,期限范围为10到45天(包含10天和45天)"
}', extractResult='null', dbAssert='null'}]]>
              </value>
            </param>
          </params>
          <reporter-output>
          </reporter-output>
        </test-method> <!-- testNewLoan -->
        <test-method status="PASS" signature="testNewLoan(pojo.ExcelPojo)[pri:0, instance:teststeps.NewLoanTest@1c80e49b]" name="testNewLoan" duration-ms="140" started-at="2021-05-04T22:53:02 CST" data-provider="getNewLoanData" finished-at="2021-05-04T22:53:02 CST">
          <params>
            <param index="0">
              <value>
                <![CDATA[ExcelPojo{caseId=25, interfaceName='addLoan', title='借款期限类型不输入', requestHeader='{"X-Lemonban-Media-Type":"lemonban.v2","Content-Type":"application/json","Authorization":"Bearer eyJhbGciOiJIUzUxMiJ9.eyJtZW1iZXJfaWQiOjEwMDA0OTE1ODQsImV4cCI6MTYyMDE0MDI3OH0.SB960Brnio2jJgeUEBLT41WPLa0f-avIoTq4d31Hfy720gSaoHq5_jiCa4n5YTjOoF5US6uoCPkJ1ms9DLaZXg"}', method='POST', url='/loan/add', inputParams='{
    "member_id":1000491584,
    "title":"购买全栈测试课程_5",
    "amount":1000.00,
    "loan_rate":23.0,
    "loan_term":3,
    "loan_date_type":"",
    "bidding_days":9
}', expected='{
  "code": 1,
  "msg": "借款日期类型为空"
}', extractResult='null', dbAssert='null'}]]>
              </value>
            </param>
          </params>
          <reporter-output>
          </reporter-output>
        </test-method> <!-- testNewLoan -->
        <test-method status="PASS" signature="testNewLoan(pojo.ExcelPojo)[pri:0, instance:teststeps.NewLoanTest@1c80e49b]" name="testNewLoan" duration-ms="203" started-at="2021-05-04T22:53:02 CST" data-provider="getNewLoanData" finished-at="2021-05-04T22:53:02 CST">
          <params>
            <param index="0">
              <value>
                <![CDATA[ExcelPojo{caseId=26, interfaceName='addLoan', title='借款期限类型输入非1、2', requestHeader='{"X-Lemonban-Media-Type":"lemonban.v2","Content-Type":"application/json","Authorization":"Bearer eyJhbGciOiJIUzUxMiJ9.eyJtZW1iZXJfaWQiOjEwMDA0OTE1ODQsImV4cCI6MTYyMDE0MDI3OH0.SB960Brnio2jJgeUEBLT41WPLa0f-avIoTq4d31Hfy720gSaoHq5_jiCa4n5YTjOoF5US6uoCPkJ1ms9DLaZXg"}', method='POST', url='/loan/add', inputParams='{
    "member_id":1000491584,
    "title":"购买全栈测试课程_5",
    "amount":1000.00,
    "loan_rate":23.0,
    "loan_term":3,
    "loan_date_type":3,
    "bidding_days":9
}', expected='{
  "code": 2,
  "msg": "借款类型不存在"
}', extractResult='null', dbAssert='null'}]]>
              </value>
            </param>
          </params>
          <reporter-output>
          </reporter-output>
        </test-method> <!-- testNewLoan -->
        <test-method status="PASS" signature="testNewLoan(pojo.ExcelPojo)[pri:0, instance:teststeps.NewLoanTest@1c80e49b]" name="testNewLoan" duration-ms="188" started-at="2021-05-04T22:53:02 CST" data-provider="getNewLoanData" finished-at="2021-05-04T22:53:02 CST">
          <params>
            <param index="0">
              <value>
                <![CDATA[ExcelPojo{caseId=27, interfaceName='addLoan', title='竞标天数为空', requestHeader='{"X-Lemonban-Media-Type":"lemonban.v2","Content-Type":"application/json","Authorization":"Bearer eyJhbGciOiJIUzUxMiJ9.eyJtZW1iZXJfaWQiOjEwMDA0OTE1ODQsImV4cCI6MTYyMDE0MDI3OH0.SB960Brnio2jJgeUEBLT41WPLa0f-avIoTq4d31Hfy720gSaoHq5_jiCa4n5YTjOoF5US6uoCPkJ1ms9DLaZXg"}', method='POST', url='/loan/add', inputParams='{
    "member_id":1000491584,
    "title":"购买全栈测试课程_5",
    "amount":1000.00,
    "loan_rate":23.0,
    "loan_term":3,
    "loan_date_type":1,
    "bidding_days":""
}', expected='{
  "code": 1,
  "msg": "竞标期限为空"
}', extractResult='null', dbAssert='null'}]]>
              </value>
            </param>
          </params>
          <reporter-output>
          </reporter-output>
        </test-method> <!-- testNewLoan -->
        <test-method status="PASS" signature="testNewLoan(pojo.ExcelPojo)[pri:0, instance:teststeps.NewLoanTest@1c80e49b]" name="testNewLoan" duration-ms="187" started-at="2021-05-04T22:53:02 CST" data-provider="getNewLoanData" finished-at="2021-05-04T22:53:02 CST">
          <params>
            <param index="0">
              <value>
                <![CDATA[ExcelPojo{caseId=28, interfaceName='addLoan', title='竞标天数输入超出10天', requestHeader='{"X-Lemonban-Media-Type":"lemonban.v2","Content-Type":"application/json","Authorization":"Bearer eyJhbGciOiJIUzUxMiJ9.eyJtZW1iZXJfaWQiOjEwMDA0OTE1ODQsImV4cCI6MTYyMDE0MDI3OH0.SB960Brnio2jJgeUEBLT41WPLa0f-avIoTq4d31Hfy720gSaoHq5_jiCa4n5YTjOoF5US6uoCPkJ1ms9DLaZXg"}', method='POST', url='/loan/add', inputParams='{
    "member_id":1000491584,
    "title":"购买全栈测试课程_5",
    "amount":1000.00,
    "loan_rate":23.0,
    "loan_term":"3",
    "loan_date_type":"1",
    "bidding_days":"11"
}', expected='{
  "code": 2,
  "msg": "竞标期限为1-10天"
}', extractResult='null', dbAssert='null'}]]>
              </value>
            </param>
          </params>
          <reporter-output>
          </reporter-output>
        </test-method> <!-- testNewLoan -->
        <test-method status="PASS" signature="testNewLoan(pojo.ExcelPojo)[pri:0, instance:teststeps.NewLoanTest@1c80e49b]" name="testNewLoan" duration-ms="203" started-at="2021-05-04T22:53:02 CST" data-provider="getNewLoanData" finished-at="2021-05-04T22:53:03 CST">
          <params>
            <param index="0">
              <value>
                <![CDATA[ExcelPojo{caseId=29, interfaceName='addLoan', title='竞标天数输入0天', requestHeader='{"X-Lemonban-Media-Type":"lemonban.v2","Content-Type":"application/json","Authorization":"Bearer eyJhbGciOiJIUzUxMiJ9.eyJtZW1iZXJfaWQiOjEwMDA0OTE1ODQsImV4cCI6MTYyMDE0MDI3OH0.SB960Brnio2jJgeUEBLT41WPLa0f-avIoTq4d31Hfy720gSaoHq5_jiCa4n5YTjOoF5US6uoCPkJ1ms9DLaZXg"}', method='POST', url='/loan/add', inputParams='{
    "member_id":1000491584,
    "title":"购买全栈测试课程_5",
    "amount":1000.00,
    "loan_rate":23.0,
    "loan_term":"3",
    "loan_date_type":"1",
    "bidding_days":"0"
}', expected='{
  "code": 2,
  "msg": "竞标期限为1-10天"
}', extractResult='null', dbAssert='null'}]]>
              </value>
            </param>
          </params>
          <reporter-output>
          </reporter-output>
        </test-method> <!-- testNewLoan -->
      </class> <!-- teststeps.NewLoanTest -->
    </test> <!-- Test case -->
  </suite> <!-- Test Suite -->
</testng-results>
