<?xml version="1.0" encoding="UTF-8"?>
<testsuite xmlns:xsi="http://www.w3.org/2001/XMLSchema-instance" xsi:noNamespaceSchemaLocation="https://maven.apache.org/surefire/maven-surefire-plugin/xsd/surefire-test-report.xsd" name="TestSuite" time="23.385" tests="40" errors="0" skipped="0" failures="2">
  <properties>
[...]
</properties>
  <testcase name="testLogin" classname="teststeps.LoginTest" time="0.453"/>
  <testcase name="testLogin" classname="teststeps.LoginTest" time="0.172"/>
  <testcase name="testLogin" classname="teststeps.LoginTest" time="0.172"/>
  <testcase name="testLogin" classname="teststeps.LoginTest" time="0.172"/>
  <testcase name="testLogin" classname="teststeps.LoginTest" time="0.187"/>
  <testcase name="testLogin" classname="teststeps.LoginTest" time="0.172"/>
  <testcase name="testLogin" classname="teststeps.LoginTest" time="0.391"/>
  <testcase name="testLogin" classname="teststeps.LoginTest" time="0.187"/>
  <testcase name="testLogin" classname="teststeps.LoginTest" time="0.141"/>
  <testcase name="testLogin" classname="teststeps.LoginTest" time="0.406"/>
  <testcase name="testLogin" classname="teststeps.LoginTest" time="0.343"/>
  <testcase name="testLogin" classname="teststeps.LoginTest" time="0.407"/>
  <testcase name="testLogin" classname="teststeps.LoginTest" time="0.406"/>
  <testcase name="testNewLoan" classname="teststeps.NewLoanTest" time="0.374"/>
  <testcase name="testNewLoan" classname="teststeps.NewLoanTest" time="0.313"/>
  <testcase name="testNewLoan" classname="teststeps.NewLoanTest" time="0.296">
    <failure message="expected [2] but found [5]" type="java.lang.AssertionError">java.lang.AssertionError: expected [2] but found [5]
	at teststeps.NewLoanTest.testNewLoan(NewLoanTest.java:58)
</failure>
    <system-out><![CDATA[Debug message is msg
Debug message is data.loan_date_type
Debug message is data.loan_term
Debug message is data.title
Debug message is code
Debug message is data.amount
Debug message is data.status
Debug message is data.bidding_days
]]></system-out>
  </testcase>
  <testcase name="testNewLoan" classname="teststeps.NewLoanTest" time="0.687">
    <failure message="expected [6] but found [5]" type="java.lang.AssertionError">java.lang.AssertionError: expected [6] but found [5]
	at teststeps.NewLoanTest.testNewLoan(NewLoanTest.java:58)
</failure>
    <system-out><![CDATA[Debug message is msg
Debug message is data.loan_date_type
Debug message is data.loan_term
Debug message is data.title
Debug message is code
Debug message is data.amount
Debug message is data.status
Debug message is data.bidding_days
]]></system-out>
  </testcase>
  <testcase name="testNewLoan" classname="teststeps.NewLoanTest" time="0.016"/>
  <testcase name="testNewLoan" classname="teststeps.NewLoanTest" time="0.125"/>
  <testcase name="testNewLoan" classname="teststeps.NewLoanTest" time="0.156"/>
  <testcase name="testNewLoan" classname="teststeps.NewLoanTest" time="0.203"/>
  <testcase name="testNewLoan" classname="teststeps.NewLoanTest" time="0.141"/>
  <testcase name="testNewLoan" classname="teststeps.NewLoanTest" time="0.14"/>
  <testcase name="testNewLoan" classname="teststeps.NewLoanTest" time="0.188"/>
  <testcase name="testNewLoan" classname="teststeps.NewLoanTest" time="0.172"/>
  <testcase name="testNewLoan" classname="teststeps.NewLoanTest" time="0.124"/>
  <testcase name="testNewLoan" classname="teststeps.NewLoanTest" time="0.157"/>
  <testcase name="testNewLoan" classname="teststeps.NewLoanTest" time="0.125"/>
  <testcase name="testNewLoan" classname="teststeps.NewLoanTest" time="0.14"/>
  <testcase name="testNewLoan" classname="teststeps.NewLoanTest" time="0.156"/>
  <testcase name="testNewLoan" classname="teststeps.NewLoanTest" time="0.188"/>
  <testcase name="testNewLoan" classname="teststeps.NewLoanTest" time="0.187"/>
  <testcase name="testNewLoan" classname="teststeps.NewLoanTest" time="0.172"/>
  <testcase name="testNewLoan" classname="teststeps.NewLoanTest" time="0.125"/>
  <testcase name="testNewLoan" classname="teststeps.NewLoanTest" time="0.203"/>
  <testcase name="testNewLoan" classname="teststeps.NewLoanTest" time="0.188"/>
  <testcase name="testNewLoan" classname="teststeps.NewLoanTest" time="0.187"/>
  <testcase name="testNewLoan" classname="teststeps.NewLoanTest" time="0.219"/>
  <testcase name="testRecharge" classname="teststeps.RechargeTest" time="0.265"/>
  <testcase name="testRecharge" classname="teststeps.RechargeTest" time="0.14"/>
</testsuite>